(0000) 3000  0011000000000000 (   3)                 .ORIG x3000
(3000) E09A  1110000010011010 (  10)                 LEA   R0 PROMPT
(3001) F022  1111000000100010 (  11)                 TRAP  x22
(3002) 5260  0101001001100000 (  13)                 AND   R1 R1 #0
(3003) 1268  0001001001101000 (  14)                 ADD   R1 R1 #8
(3004) 54A0  0101010010100000 (  18) INPUTLOOP       AND   R2 R2 #0
(3005) 14A3  0001010010100011 (  19)                 ADD   R2 R2 #3
(3006) F020  1111000000100000 (  21) NUMLOOP         TRAP  x20
(3007) 1A36  0001101000110110 (  22)                 ADD   R5 R0 #-10
(3008) 0A03  0000101000000011 (  23)                 BRNP  INPUT_GOOD
(3009) 1CBD  0001110010111101 (  26)                 ADD   R6 R2 #-3
(300A) 05FB  0000010111111011 (  27)                 BRZ   NUMLOOP
(300B) 0E09  0000111000001001 (  28)                 BRNZP NUMDONE
(300C) F021  1111000000100001 (  31) INPUT_GOOD      TRAP  x21
(300D) 3080  0011000010000000 (  32)                 ST    R0 TEMP
(300E) 1B60  0001101101100000 (  33)                 ADD   R5 R5 #0
(300F) 0405  0000010000000101 (  34)                 BRZ   NUMDONE
(3010) 482B  0100100000101011 (  37)                 JSR   VALIDATE
(3011) 483C  0100100000111100 (  39)                 JSR   PUSH
(3012) 14BF  0001010010111111 (  41)                 ADD   R2 R2 #-1
(3013) 0401  0000010000000001 (  42)                 BRZ   NUMDONE
(3014) 0FF1  0000111111110001 (  43)                 BRNZP NUMLOOP
(3015) 2883  0010100010000011 (  48) NUMDONE         LD    R4 STACK_COUNT
(3016) 5B60  0101101101100000 (  49)                 AND   R5 R5 #0
(3017) 1D3D  0001110100111101 (  51)                 ADD   R6 R4 #-3
(3018) 0406  0000010000000110 (  52)                 BRZ   THREE_DIGITS
(3019) 287F  0010100001111111 (  53)                 LD    R4 STACK_COUNT
(301A) 1D3E  0001110100111110 (  54)                 ADD   R6 R4 #-2
(301B) 040C  0000010000001100 (  55)                 BRZ   TWO_DIGITS
(301C) 287C  0010100001111100 (  56)                 LD    R4 STACK_COUNT
(301D) 1D3F  0001110100111111 (  57)                 ADD   R6 R4 #-1
(301E) 040F  0000010000001111 (  58)                 BRZ   ONE_DIGIT
(301F) 4843  0100100001000011 (  60) THREE_DIGITS    JSR   POP
(3020) 1B43  0001101101000011 (  61)                 ADD   R5 R5 R3
(3021) 4841  0100100001000001 (  62)                 JSR   POP
(3022) 485E  0100100001011110 (  63)                 JSR   TIMES_10
(3023) 1B43  0001101101000011 (  64)                 ADD   R5 R5 R3
(3024) 483E  0100100000111110 (  65)                 JSR   POP
(3025) 484E  0100100001001110 (  66)                 JSR   TIMES_100
(3026) 1B43  0001101101000011 (  67)                 ADD   R5 R5 R3
(3027) 0E08  0000111000001000 (  68)                 BRNZP DONE_POPPING
(3028) 483A  0100100000111010 (  70) TWO_DIGITS      JSR   POP
(3029) 1B43  0001101101000011 (  71)                 ADD   R5 R5 R3
(302A) 4838  0100100000111000 (  72)                 JSR   POP
(302B) 4855  0100100001010101 (  73)                 JSR   TIMES_10
(302C) 1B43  0001101101000011 (  74)                 ADD   R5 R5 R3
(302D) 0E02  0000111000000010 (  75)                 BRNZP DONE_POPPING
(302E) 4834  0100100000110100 (  77) ONE_DIGIT       JSR   POP
(302F) 1B43  0001101101000011 (  78)                 ADD   R5 R5 R3
(3030) 967F  1001011001111111 (  83) DONE_POPPING    NOT   R3 R1
(3031) 16E1  0001011011100001 (  84)                 ADD   R3 R3 #1
(3032) 16E8  0001011011101000 (  85)                 ADD   R3 R3 #8
(3033) 2863  0010100001100011 (  86)                 LD    R4 NUMBERS_ARRAY
(3034) 16C4  0001011011000100 (  87)                 ADD   R3 R3 R4
(3035) 7AC0  0111101011000000 (  88)                 STR   R5 R3 #0
(3036) 5020  0101000000100000 (  90)                 AND   R0 R0 #0
(3037) 102A  0001000000101010 (  91)                 ADD   R0 R0 #10
(3038) F021  1111000000100001 (  92)                 TRAP  x21
(3039) 127F  0001001001111111 (  93)                 ADD   R1 R1 #-1
(303A) 03C9  0000001111001001 (  94)                 BRP   INPUTLOOP
(303B) F025  1111000000100101 (  98)                 TRAP  x25
(303C) 3255  0011001001010101 ( 101) VALIDATE        ST    R1 SAVE_R1
(303D) 3455  0011010001010101 ( 102)                 ST    R2 SAVE_R2
(303E) 224F  0010001001001111 ( 104)                 LD    R1 TEMP
(303F) 1270  0001001001110000 ( 105)                 ADD   R1 R1 #-16
(3040) 1270  0001001001110000 ( 106)                 ADD   R1 R1 #-16
(3041) 1270  0001001001110000 ( 107)                 ADD   R1 R1 #-16
(3042) 0808  0000100000001000 ( 109)                 BRN   INVALID_DIGIT
(3043) 1277  0001001001110111 ( 110)                 ADD   R1 R1 #-9
(3044) 0206  0000001000000110 ( 111)                 BRP   INVALID_DIGIT
(3045) 1269  0001001001101001 ( 114)                 ADD   R1 R1 #9
(3046) 56E0  0101011011100000 ( 115)                 AND   R3 R3 #0
(3047) 1643  0001011001000011 ( 116)                 ADD   R3 R1 R3
(3048) 2249  0010001001001001 ( 118)                 LD    R1 SAVE_R1
(3049) 2449  0010010001001001 ( 119)                 LD    R2 SAVE_R2
(304A) C1C0  1100000111000000 ( 120)                 RET   
(304B) E093  1110000010010011 ( 123) INVALID_DIGIT   LEA   R0 INVALID
(304C) F022  1111000000100010 ( 124)                 TRAP  x22
(304D) F025  1111000000100101 ( 125)                 TRAP  x25
(304E) 3243  0011001001000011 ( 127) PUSH            ST    R1 SAVE_R1
(304F) 3443  0011010001000011 ( 128)                 ST    R2 SAVE_R2
(3050) 5920  0101100100100000 ( 130)                 AND   R4 R4 #0
(3051) 2247  0010001001000111 ( 132)                 LD    R1 STACK_COUNT
(3052) 1278  0001001001111000 ( 133)                 ADD   R1 R1 #-8
(3053) 040C  0000010000001100 ( 134)                 BRZ   STACK_OVERFLOW
(3054) 2244  0010001001000100 ( 135)                 LD    R1 STACK_COUNT
(3055) 927F  1001001001111111 ( 136)                 NOT   R1 R1
(3056) 1261  0001001001100001 ( 137)                 ADD   R1 R1 #1
(3057) 2442  0010010001000010 ( 138)                 LD    R2 STACK_BASE
(3058) 1842  0001100001000010 ( 139)                 ADD   R4 R1 R2
(3059) 7700  0111011100000000 ( 141)                 STR   R3 R4 #0
(305A) 223E  0010001000111110 ( 142)                 LD    R1 STACK_COUNT
(305B) 1261  0001001001100001 ( 143)                 ADD   R1 R1 #1
(305C) 323C  0011001000111100 ( 144)                 ST    R1 STACK_COUNT
(305D) 2234  0010001000110100 ( 146)                 LD    R1 SAVE_R1
(305E) 2434  0010010000110100 ( 147)                 LD    R2 SAVE_R2
(305F) C1C0  1100000111000000 ( 148)                 RET   
(3060) E0A2  1110000010100010 ( 150) STACK_OVERFLOW  LEA   R0 OVERFLOW
(3061) F022  1111000000100010 ( 151)                 TRAP  x22
(3062) F025  1111000000100101 ( 152)                 TRAP  x25
(3063) 322E  0011001000101110 ( 154) POP             ST    R1 SAVE_R1
(3064) 342E  0011010000101110 ( 155)                 ST    R2 SAVE_R2
(3065) 382E  0011100000101110 ( 156)                 ST    R4 SAVE_R4
(3066) 2232  0010001000110010 ( 158)                 LD    R1 STACK_COUNT
(3067) 927F  1001001001111111 ( 159)                 NOT   R1 R1
(3068) 1261  0001001001100001 ( 160)                 ADD   R1 R1 #1
(3069) 2430  0010010000110000 ( 161)                 LD    R2 STACK_BASE
(306A) 1842  0001100001000010 ( 162)                 ADD   R4 R1 R2
(306B) 1921  0001100100100001 ( 163)                 ADD   R4 R4 #1
(306C) 6700  0110011100000000 ( 164)                 LDR   R3 R4 #0
(306D) 222B  0010001000101011 ( 166)                 LD    R1 STACK_COUNT
(306E) 127F  0001001001111111 ( 167)                 ADD   R1 R1 #-1
(306F) 3229  0011001000101001 ( 168)                 ST    R1 STACK_COUNT
(3070) 2221  0010001000100001 ( 170)                 LD    R1 SAVE_R1
(3071) 2822  0010100000100010 ( 171)                 LD    R4 SAVE_R4
(3072) 2420  0010010000100000 ( 172)                 LD    R2 SAVE_R2
(3073) C1C0  1100000111000000 ( 173)                 RET   
(3074) 321D  0011001000011101 ( 175) TIMES_100       ST    R1 SAVE_R1
(3075) 341D  0011010000011101 ( 176)                 ST    R2 SAVE_R2
(3076) 16E0  0001011011100000 ( 178)                 ADD   R3 R3 #0
(3077) 0406  0000010000000110 ( 179)                 BRZ   SKIP_TIMES_100
(3078) 221C  0010001000011100 ( 181)                 LD    R1 HUNDRED
(3079) 54A0  0101010010100000 ( 182)                 AND   R2 R2 #0
(307A) 1481  0001010010000001 ( 184) TIMES_100_LOOP  ADD   R2 R2 R1
(307B) 16FF  0001011011111111 ( 185)                 ADD   R3 R3 #-1
(307C) 03FD  0000001111111101 ( 186)                 BRP   TIMES_100_LOOP
(307D) 16A0  0001011010100000 ( 187)                 ADD   R3 R2 #0
(307E) 2213  0010001000010011 ( 190) SKIP_TIMES_100  LD    R1 SAVE_R1
(307F) 2413  0010010000010011 ( 191)                 LD    R2 SAVE_R2
(3080) C1C0  1100000111000000 ( 192)                 RET   
(3081) 3210  0011001000010000 ( 194) TIMES_10        ST    R1 SAVE_R1
(3082) 3410  0011010000010000 ( 195)                 ST    R2 SAVE_R2
(3083) 16E0  0001011011100000 ( 197)                 ADD   R3 R3 #0
(3084) 0406  0000010000000110 ( 198)                 BRZ   SKIP_TIMES_10
(3085) 2210  0010001000010000 ( 200)                 LD    R1 TEN
(3086) 54A0  0101010010100000 ( 201)                 AND   R2 R2 #0
(3087) 1481  0001010010000001 ( 203) TIMES_10_LOOP   ADD   R2 R2 R1
(3088) 16FF  0001011011111111 ( 204)                 ADD   R3 R3 #-1
(3089) 03FD  0000001111111101 ( 205)                 BRP   TIMES_10_LOOP
(308A) 16A0  0001011010100000 ( 206)                 ADD   R3 R2 #0
(308B) 2206  0010001000000110 ( 209) SKIP_TIMES_10   LD    R1 SAVE_R1
(308C) 2406  0010010000000110 ( 210)                 LD    R2 SAVE_R2
(308D) C1C0  1100000111000000 ( 211)                 RET   
(308E) 0000  0000000000000000 ( 213) TEMP            .FILL x0000
(308F) 0000  0000000000000000 ( 214) DIGIT1          .FILL x0000
(3090) 0000  0000000000000000 ( 215) DIGIT2          .FILL x0000
(3091) 0000  0000000000000000 ( 216) DIGIT3          .FILL x0000
(3092) 0000  0000000000000000 ( 217) SAVE_R1         .FILL x0000
(3093) 0000  0000000000000000 ( 218) SAVE_R2         .FILL x0000
(3094) 0000  0000000000000000 ( 219) SAVE_R4         .FILL x0000
(3095) 0064  0000000001100100 ( 221) HUNDRED         .FILL x0064
(3096) 000A  0000000000001010 ( 222) TEN             .FILL x000A
(3097) 4050  0100000001010000 ( 224) NUMBERS_ARRAY   .FILL x4050
(3098) 4057  0100000001010111 ( 225) NUMBERS_ARRAY_END .FILL x4057
(3099) 0000  0000000000000000 ( 227) STACK_COUNT     .FILL x0000
(309A) 4107  0100000100000111 ( 228) STACK_BASE      .FILL x4107
(309B) 0050  0000000001010000 ( 230) PROMPT          .FILL x0050
(309C) 006C  0000000001101100 ( 230)                 .FILL x006C
(309D) 0065  0000000001100101 ( 230)                 .FILL x0065
(309E) 0061  0000000001100001 ( 230)                 .FILL x0061
(309F) 0073  0000000001110011 ( 230)                 .FILL x0073
(30A0) 0065  0000000001100101 ( 230)                 .FILL x0065
(30A1) 0020  0000000000100000 ( 230)                 .FILL x0020
(30A2) 0069  0000000001101001 ( 230)                 .FILL x0069
(30A3) 006E  0000000001101110 ( 230)                 .FILL x006E
(30A4) 0070  0000000001110000 ( 230)                 .FILL x0070
(30A5) 0075  0000000001110101 ( 230)                 .FILL x0075
(30A6) 0074  0000000001110100 ( 230)                 .FILL x0074
(30A7) 0020  0000000000100000 ( 230)                 .FILL x0020
(30A8) 0038  0000000000111000 ( 230)                 .FILL x0038
(30A9) 0020  0000000000100000 ( 230)                 .FILL x0020
(30AA) 006E  0000000001101110 ( 230)                 .FILL x006E
(30AB) 0075  0000000001110101 ( 230)                 .FILL x0075
(30AC) 006D  0000000001101101 ( 230)                 .FILL x006D
(30AD) 0062  0000000001100010 ( 230)                 .FILL x0062
(30AE) 0065  0000000001100101 ( 230)                 .FILL x0065
(30AF) 0072  0000000001110010 ( 230)                 .FILL x0072
(30B0) 0073  0000000001110011 ( 230)                 .FILL x0073
(30B1) 0020  0000000000100000 ( 230)                 .FILL x0020
(30B2) 0066  0000000001100110 ( 230)                 .FILL x0066
(30B3) 0072  0000000001110010 ( 230)                 .FILL x0072
(30B4) 006F  0000000001101111 ( 230)                 .FILL x006F
(30B5) 006D  0000000001101101 ( 230)                 .FILL x006D
(30B6) 0020  0000000000100000 ( 230)                 .FILL x0020
(30B7) 0030  0000000000110000 ( 230)                 .FILL x0030
(30B8) 002D  0000000000101101 ( 230)                 .FILL x002D
(30B9) 0031  0000000000110001 ( 230)                 .FILL x0031
(30BA) 0030  0000000000110000 ( 230)                 .FILL x0030
(30BB) 0030  0000000000110000 ( 230)                 .FILL x0030
(30BC) 002E  0000000000101110 ( 230)                 .FILL x002E
(30BD) 0020  0000000000100000 ( 230)                 .FILL x0020
(30BE) 0050  0000000001010000 ( 230)                 .FILL x0050
(30BF) 0072  0000000001110010 ( 230)                 .FILL x0072
(30C0) 0065  0000000001100101 ( 230)                 .FILL x0065
(30C1) 0073  0000000001110011 ( 230)                 .FILL x0073
(30C2) 0073  0000000001110011 ( 230)                 .FILL x0073
(30C3) 0020  0000000000100000 ( 230)                 .FILL x0020
(30C4) 0065  0000000001100101 ( 230)                 .FILL x0065
(30C5) 006E  0000000001101110 ( 230)                 .FILL x006E
(30C6) 0074  0000000001110100 ( 230)                 .FILL x0074
(30C7) 0065  0000000001100101 ( 230)                 .FILL x0065
(30C8) 0072  0000000001110010 ( 230)                 .FILL x0072
(30C9) 0020  0000000000100000 ( 230)                 .FILL x0020
(30CA) 0061  0000000001100001 ( 230)                 .FILL x0061
(30CB) 0066  0000000001100110 ( 230)                 .FILL x0066
(30CC) 0074  0000000001110100 ( 230)                 .FILL x0074
(30CD) 0065  0000000001100101 ( 230)                 .FILL x0065
(30CE) 0072  0000000001110010 ( 230)                 .FILL x0072
(30CF) 0020  0000000000100000 ( 230)                 .FILL x0020
(30D0) 0065  0000000001100101 ( 230)                 .FILL x0065
(30D1) 0061  0000000001100001 ( 230)                 .FILL x0061
(30D2) 0063  0000000001100011 ( 230)                 .FILL x0063
(30D3) 0068  0000000001101000 ( 230)                 .FILL x0068
(30D4) 0020  0000000000100000 ( 230)                 .FILL x0020
(30D5) 006E  0000000001101110 ( 230)                 .FILL x006E
(30D6) 0075  0000000001110101 ( 230)                 .FILL x0075
(30D7) 006D  0000000001101101 ( 230)                 .FILL x006D
(30D8) 0062  0000000001100010 ( 230)                 .FILL x0062
(30D9) 0065  0000000001100101 ( 230)                 .FILL x0065
(30DA) 0072  0000000001110010 ( 230)                 .FILL x0072
(30DB) 003A  0000000000111010 ( 230)                 .FILL x003A
(30DC) 0020  0000000000100000 ( 230)                 .FILL x0020
(30DD) 000A  0000000000001010 ( 230)                 .FILL x000A
(30DE) 0000  0000000000000000 ( 230)                 .FILL x0000
(30DF) 000A  0000000000001010 ( 231) INVALID         .FILL x000A
(30E0) 0049  0000000001001001 ( 231)                 .FILL x0049
(30E1) 004E  0000000001001110 ( 231)                 .FILL x004E
(30E2) 0056  0000000001010110 ( 231)                 .FILL x0056
(30E3) 0041  0000000001000001 ( 231)                 .FILL x0041
(30E4) 004C  0000000001001100 ( 231)                 .FILL x004C
(30E5) 0049  0000000001001001 ( 231)                 .FILL x0049
(30E6) 0044  0000000001000100 ( 231)                 .FILL x0044
(30E7) 0020  0000000000100000 ( 231)                 .FILL x0020
(30E8) 0049  0000000001001001 ( 231)                 .FILL x0049
(30E9) 004E  0000000001001110 ( 231)                 .FILL x004E
(30EA) 0050  0000000001010000 ( 231)                 .FILL x0050
(30EB) 0055  0000000001010101 ( 231)                 .FILL x0055
(30EC) 0054  0000000001010100 ( 231)                 .FILL x0054
(30ED) 0020  0000000000100000 ( 231)                 .FILL x0020
(30EE) 002E  0000000000101110 ( 231)                 .FILL x002E
(30EF) 002E  0000000000101110 ( 231)                 .FILL x002E
(30F0) 002E  0000000000101110 ( 231)                 .FILL x002E
(30F1) 0020  0000000000100000 ( 231)                 .FILL x0020
(30F2) 0048  0000000001001000 ( 231)                 .FILL x0048
(30F3) 0041  0000000001000001 ( 231)                 .FILL x0041
(30F4) 004C  0000000001001100 ( 231)                 .FILL x004C
(30F5) 0054  0000000001010100 ( 231)                 .FILL x0054
(30F6) 0049  0000000001001001 ( 231)                 .FILL x0049
(30F7) 004E  0000000001001110 ( 231)                 .FILL x004E
(30F8) 0047  0000000001000111 ( 231)                 .FILL x0047
(30F9) 0020  0000000000100000 ( 231)                 .FILL x0020
(30FA) 0050  0000000001010000 ( 231)                 .FILL x0050
(30FB) 0052  0000000001010010 ( 231)                 .FILL x0052
(30FC) 004F  0000000001001111 ( 231)                 .FILL x004F
(30FD) 0047  0000000001000111 ( 231)                 .FILL x0047
(30FE) 0052  0000000001010010 ( 231)                 .FILL x0052
(30FF) 0041  0000000001000001 ( 231)                 .FILL x0041
(3100) 004D  0000000001001101 ( 231)                 .FILL x004D
(3101) 000A  0000000000001010 ( 231)                 .FILL x000A
(3102) 0000  0000000000000000 ( 231)                 .FILL x0000
(3103) 000A  0000000000001010 ( 232) OVERFLOW        .FILL x000A
(3104) 0053  0000000001010011 ( 232)                 .FILL x0053
(3105) 0054  0000000001010100 ( 232)                 .FILL x0054
(3106) 0041  0000000001000001 ( 232)                 .FILL x0041
(3107) 0043  0000000001000011 ( 232)                 .FILL x0043
(3108) 004B  0000000001001011 ( 232)                 .FILL x004B
(3109) 0020  0000000000100000 ( 232)                 .FILL x0020
(310A) 004F  0000000001001111 ( 232)                 .FILL x004F
(310B) 0056  0000000001010110 ( 232)                 .FILL x0056
(310C) 0045  0000000001000101 ( 232)                 .FILL x0045
(310D) 0052  0000000001010010 ( 232)                 .FILL x0052
(310E) 0046  0000000001000110 ( 232)                 .FILL x0046
(310F) 004C  0000000001001100 ( 232)                 .FILL x004C
(3110) 004F  0000000001001111 ( 232)                 .FILL x004F
(3111) 0057  0000000001010111 ( 232)                 .FILL x0057
(3112) 0020  0000000000100000 ( 232)                 .FILL x0020
(3113) 0045  0000000001000101 ( 232)                 .FILL x0045
(3114) 0052  0000000001010010 ( 232)                 .FILL x0052
(3115) 0052  0000000001010010 ( 232)                 .FILL x0052
(3116) 004F  0000000001001111 ( 232)                 .FILL x004F
(3117) 0052  0000000001010010 ( 232)                 .FILL x0052
(3118) 0020  0000000000100000 ( 232)                 .FILL x0020
(3119) 002E  0000000000101110 ( 232)                 .FILL x002E
(311A) 002E  0000000000101110 ( 232)                 .FILL x002E
(311B) 002E  0000000000101110 ( 232)                 .FILL x002E
(311C) 0020  0000000000100000 ( 232)                 .FILL x0020
(311D) 0048  0000000001001000 ( 232)                 .FILL x0048
(311E) 0041  0000000001000001 ( 232)                 .FILL x0041
(311F) 004C  0000000001001100 ( 232)                 .FILL x004C
(3120) 0054  0000000001010100 ( 232)                 .FILL x0054
(3121) 0049  0000000001001001 ( 232)                 .FILL x0049
(3122) 004E  0000000001001110 ( 232)                 .FILL x004E
(3123) 0047  0000000001000111 ( 232)                 .FILL x0047
(3124) 0020  0000000000100000 ( 232)                 .FILL x0020
(3125) 0050  0000000001010000 ( 232)                 .FILL x0050
(3126) 0052  0000000001010010 ( 232)                 .FILL x0052
(3127) 004F  0000000001001111 ( 232)                 .FILL x004F
(3128) 0047  0000000001000111 ( 232)                 .FILL x0047
(3129) 0052  0000000001010010 ( 232)                 .FILL x0052
(312A) 0041  0000000001000001 ( 232)                 .FILL x0041
(312B) 004D  0000000001001101 ( 232)                 .FILL x004D
(312C) 000A  0000000000001010 ( 232)                 .FILL x000A
(312D) 0000  0000000000000000 ( 232)                 .FILL x0000
